This is pdfTeX, Version 3.141592653-2.6-1.40.26 (TeX Live 2024/Arch Linux) (preloaded format=pdflatex)
 restricted \write18 enabled.
entering extended mode
(./Dynamics.tex
LaTeX2e <2023-11-01> patch level 1
L3 programming layer <2024-02-20>
(/usr/share/texmf-dist/tex/latex/beamer/beamer.cls
Document Class: beamer 2024/01/06 v3.71 A class for typesetting presentations
(/usr/share/texmf-dist/tex/latex/beamer/beamerbasemodes.sty
(/usr/share/texmf-dist/tex/latex/etoolbox/etoolbox.sty)
(/usr/share/texmf-dist/tex/latex/beamer/beamerbasedecode.sty))
(/usr/share/texmf-dist/tex/generic/iftex/iftex.sty)
(/usr/share/texmf-dist/tex/latex/beamer/beamerbaseoptions.sty
(/usr/share/texmf-dist/tex/latex/graphics/keyval.sty))
(/usr/share/texmf-dist/tex/latex/geometry/geometry.sty
(/usr/share/texmf-dist/tex/generic/iftex/ifvtex.sty))
(/usr/share/texmf-dist/tex/latex/pgf/math/pgfmath.sty
(/usr/share/texmf-dist/tex/latex/pgf/utilities/pgfrcs.sty
(/usr/share/texmf-dist/tex/generic/pgf/utilities/pgfutil-common.tex)
(/usr/share/texmf-dist/tex/generic/pgf/utilities/pgfutil-latex.def)
(/usr/share/texmf-dist/tex/generic/pgf/utilities/pgfrcs.code.tex
(/usr/share/texmf-dist/tex/generic/pgf/pgf.revision.tex)))
(/usr/share/texmf-dist/tex/latex/pgf/utilities/pgfkeys.sty
(/usr/share/texmf-dist/tex/generic/pgf/utilities/pgfkeys.code.tex
(/usr/share/texmf-dist/tex/generic/pgf/utilities/pgfkeyslibraryfiltered.code.te
x))) (/usr/share/texmf-dist/tex/generic/pgf/math/pgfmath.code.tex
(/usr/share/texmf-dist/tex/generic/pgf/math/pgfmathutil.code.tex)
(/usr/share/texmf-dist/tex/generic/pgf/math/pgfmathparser.code.tex)
(/usr/share/texmf-dist/tex/generic/pgf/math/pgfmathfunctions.code.tex)
(/usr/share/texmf-dist/tex/generic/pgf/math/pgfmathfunctions.basic.code.tex)
(/usr/share/texmf-dist/tex/generic/pgf/math/pgfmathfunctions.trigonometric.code
.tex)
(/usr/share/texmf-dist/tex/generic/pgf/math/pgfmathfunctions.random.code.tex)
(/usr/share/texmf-dist/tex/generic/pgf/math/pgfmathfunctions.comparison.code.te
x) (/usr/share/texmf-dist/tex/generic/pgf/math/pgfmathfunctions.base.code.tex)
(/usr/share/texmf-dist/tex/generic/pgf/math/pgfmathfunctions.round.code.tex)
(/usr/share/texmf-dist/tex/generic/pgf/math/pgfmathfunctions.misc.code.tex)
(/usr/share/texmf-dist/tex/generic/pgf/math/pgfmathfunctions.integerarithmetics
.code.tex) (/usr/share/texmf-dist/tex/generic/pgf/math/pgfmathcalc.code.tex)
(/usr/share/texmf-dist/tex/generic/pgf/math/pgfmathfloat.code.tex)))
(/usr/share/texmf-dist/tex/latex/base/size11.clo)
(/usr/share/texmf-dist/tex/latex/pgf/basiclayer/pgfcore.sty
(/usr/share/texmf-dist/tex/latex/graphics/graphicx.sty
(/usr/share/texmf-dist/tex/latex/graphics/graphics.sty
(/usr/share/texmf-dist/tex/latex/graphics/trig.sty)
(/usr/share/texmf-dist/tex/latex/graphics-cfg/graphics.cfg)
(/usr/share/texmf-dist/tex/latex/graphics-def/pdftex.def)))
(/usr/share/texmf-dist/tex/latex/pgf/systemlayer/pgfsys.sty
(/usr/share/texmf-dist/tex/generic/pgf/systemlayer/pgfsys.code.tex
(/usr/share/texmf-dist/tex/generic/pgf/systemlayer/pgf.cfg)
(/usr/share/texmf-dist/tex/generic/pgf/systemlayer/pgfsys-pdftex.def
(/usr/share/texmf-dist/tex/generic/pgf/systemlayer/pgfsys-common-pdf.def)))
(/usr/share/texmf-dist/tex/generic/pgf/systemlayer/pgfsyssoftpath.code.tex)
(/usr/share/texmf-dist/tex/generic/pgf/systemlayer/pgfsysprotocol.code.tex))
(/usr/share/texmf-dist/tex/latex/xcolor/xcolor.sty
(/usr/share/texmf-dist/tex/latex/graphics-cfg/color.cfg)
(/usr/share/texmf-dist/tex/latex/graphics/mathcolor.ltx))
(/usr/share/texmf-dist/tex/generic/pgf/basiclayer/pgfcore.code.tex
(/usr/share/texmf-dist/tex/generic/pgf/math/pgfint.code.tex)
(/usr/share/texmf-dist/tex/generic/pgf/basiclayer/pgfcorepoints.code.tex)
(/usr/share/texmf-dist/tex/generic/pgf/basiclayer/pgfcorepathconstruct.code.tex
) (/usr/share/texmf-dist/tex/generic/pgf/basiclayer/pgfcorepathusage.code.tex)
(/usr/share/texmf-dist/tex/generic/pgf/basiclayer/pgfcorescopes.code.tex)
(/usr/share/texmf-dist/tex/generic/pgf/basiclayer/pgfcoregraphicstate.code.tex)

(/usr/share/texmf-dist/tex/generic/pgf/basiclayer/pgfcoretransformations.code.t
ex) (/usr/share/texmf-dist/tex/generic/pgf/basiclayer/pgfcorequick.code.tex)
(/usr/share/texmf-dist/tex/generic/pgf/basiclayer/pgfcoreobjects.code.tex)
(/usr/share/texmf-dist/tex/generic/pgf/basiclayer/pgfcorepathprocessing.code.te
x) (/usr/share/texmf-dist/tex/generic/pgf/basiclayer/pgfcorearrows.code.tex)
(/usr/share/texmf-dist/tex/generic/pgf/basiclayer/pgfcoreshade.code.tex)
(/usr/share/texmf-dist/tex/generic/pgf/basiclayer/pgfcoreimage.code.tex)
(/usr/share/texmf-dist/tex/generic/pgf/basiclayer/pgfcoreexternal.code.tex)
(/usr/share/texmf-dist/tex/generic/pgf/basiclayer/pgfcorelayers.code.tex)
(/usr/share/texmf-dist/tex/generic/pgf/basiclayer/pgfcoretransparency.code.tex)
 (/usr/share/texmf-dist/tex/generic/pgf/basiclayer/pgfcorepatterns.code.tex)
(/usr/share/texmf-dist/tex/generic/pgf/basiclayer/pgfcorerdf.code.tex)))
(/usr/share/texmf-dist/tex/latex/pgf/utilities/xxcolor.sty)
(/usr/share/texmf-dist/tex/latex/base/atbegshi-ltx.sty)
(/usr/share/texmf-dist/tex/latex/hyperref/hyperref.sty
(/usr/share/texmf-dist/tex/latex/kvsetkeys/kvsetkeys.sty)
(/usr/share/texmf-dist/tex/generic/kvdefinekeys/kvdefinekeys.sty)
(/usr/share/texmf-dist/tex/generic/pdfescape/pdfescape.sty
(/usr/share/texmf-dist/tex/generic/ltxcmds/ltxcmds.sty)
(/usr/share/texmf-dist/tex/generic/pdftexcmds/pdftexcmds.sty
(/usr/share/texmf-dist/tex/generic/infwarerr/infwarerr.sty)))
(/usr/share/texmf-dist/tex/latex/hycolor/hycolor.sty)
(/usr/share/texmf-dist/tex/latex/auxhook/auxhook.sty)
(/usr/share/texmf-dist/tex/latex/hyperref/nameref.sty
(/usr/share/texmf-dist/tex/latex/refcount/refcount.sty)
(/usr/share/texmf-dist/tex/generic/gettitlestring/gettitlestring.sty
(/usr/share/texmf-dist/tex/latex/kvoptions/kvoptions.sty)))
(/usr/share/texmf-dist/tex/latex/hyperref/pd1enc.def)
(/usr/share/texmf-dist/tex/generic/intcalc/intcalc.sty)
(/usr/share/texmf-dist/tex/latex/hyperref/puenc.def)
(/usr/share/texmf-dist/tex/latex/url/url.sty)
(/usr/share/texmf-dist/tex/generic/bitset/bitset.sty
(/usr/share/texmf-dist/tex/generic/bigintcalc/bigintcalc.sty))

Package hyperref Message: Stopped early.

) (/usr/share/texmf-dist/tex/latex/hyperref/hpdftex.def
(/usr/share/texmf-dist/tex/latex/base/atveryend-ltx.sty)
(/usr/share/texmf-dist/tex/latex/rerunfilecheck/rerunfilecheck.sty
(/usr/share/texmf-dist/tex/generic/uniquecounter/uniquecounter.sty)))
(/usr/share/texmf-dist/tex/latex/beamer/beamerbaserequires.sty
(/usr/share/texmf-dist/tex/latex/beamer/beamerbasecompatibility.sty)
(/usr/share/texmf-dist/tex/latex/beamer/beamerbasefont.sty
(/usr/share/texmf-dist/tex/latex/amsfonts/amssymb.sty
(/usr/share/texmf-dist/tex/latex/amsfonts/amsfonts.sty))
(/usr/share/texmf-dist/tex/latex/sansmathaccent/sansmathaccent.sty
(/usr/share/texmf-dist/tex/latex/koma-script/scrlfile.sty
(/usr/share/texmf-dist/tex/latex/koma-script/scrlfile-hook.sty
(/usr/share/texmf-dist/tex/latex/koma-script/scrlogo.sty)))))
(/usr/share/texmf-dist/tex/latex/beamer/beamerbasetranslator.sty
(/usr/share/texmf-dist/tex/latex/translator/translator.sty))
(/usr/share/texmf-dist/tex/latex/beamer/beamerbasemisc.sty)
(/usr/share/texmf-dist/tex/latex/beamer/beamerbasetwoscreens.sty)
(/usr/share/texmf-dist/tex/latex/beamer/beamerbaseoverlay.sty)
(/usr/share/texmf-dist/tex/latex/beamer/beamerbasetitle.sty)
(/usr/share/texmf-dist/tex/latex/beamer/beamerbasesection.sty)
(/usr/share/texmf-dist/tex/latex/beamer/beamerbaseframe.sty)
(/usr/share/texmf-dist/tex/latex/beamer/beamerbaseverbatim.sty)
(/usr/share/texmf-dist/tex/latex/beamer/beamerbaseframesize.sty)
(/usr/share/texmf-dist/tex/latex/beamer/beamerbaseframecomponents.sty)
(/usr/share/texmf-dist/tex/latex/beamer/beamerbasecolor.sty)
(/usr/share/texmf-dist/tex/latex/beamer/beamerbasenotes.sty)
(/usr/share/texmf-dist/tex/latex/beamer/beamerbasetoc.sty)
(/usr/share/texmf-dist/tex/latex/beamer/beamerbasetemplates.sty
(/usr/share/texmf-dist/tex/latex/beamer/beamerbaseauxtemplates.sty
(/usr/share/texmf-dist/tex/latex/beamer/beamerbaseboxes.sty)))
(/usr/share/texmf-dist/tex/latex/beamer/beamerbaselocalstructure.sty
(/usr/share/texmf-dist/tex/latex/tools/enumerate.sty))
(/usr/share/texmf-dist/tex/latex/beamer/beamerbasenavigation.sty
(/usr/share/texmf-dist/tex/latex/beamer/beamerbasenavigationsymbols.tex))
(/usr/share/texmf-dist/tex/latex/beamer/beamerbasetheorems.sty
(/usr/share/texmf-dist/tex/latex/amsmath/amsmath.sty
For additional information on amsmath, use the `?' option.
(/usr/share/texmf-dist/tex/latex/amsmath/amstext.sty
(/usr/share/texmf-dist/tex/latex/amsmath/amsgen.sty))
(/usr/share/texmf-dist/tex/latex/amsmath/amsbsy.sty)
(/usr/share/texmf-dist/tex/latex/amsmath/amsopn.sty))
(/usr/share/texmf-dist/tex/latex/amscls/amsthm.sty))
(/usr/share/texmf-dist/tex/latex/beamer/beamerbasethemes.sty))
(/usr/share/texmf-dist/tex/latex/beamer/beamerthemedefault.sty
(/usr/share/texmf-dist/tex/latex/beamer/beamerfontthemedefault.sty)
(/usr/share/texmf-dist/tex/latex/beamer/beamercolorthemedefault.sty)
(/usr/share/texmf-dist/tex/latex/beamer/beamerinnerthemedefault.sty)
(/usr/share/texmf-dist/tex/latex/beamer/beamerouterthemedefault.sty)))
(/usr/share/texmf-dist/tex/latex/base/inputenc.sty)
(/usr/share/texmf-dist/tex/generic/babel/babel.sty
(/usr/share/texmf-dist/tex/generic/babel/txtbabel.def)
(/usr/share/texmf-dist/tex/generic/babel-russian/russianb.ldf

Package babel Warning: No Cyrillic font encoding has been loaded so far.
(babel)                A font encoding should be declared before babel.
(babel)                Default `T2A' encoding will be loaded  on input line 78.


(/usr/share/texmf-dist/tex/latex/cyrillic/t2aenc.def
(/usr/share/texmf-dist/tex/latex/base/t2aenc.dfu))))
(/usr/share/texmf-dist/tex/generic/babel/locale/ru/babel-russian.tex)
(/usr/share/texmf-dist/tex/latex/float/float.sty)
(/usr/share/texmf-dist/tex/latex/wrapfig/wrapfig.sty)
(/usr/share/texmf-dist/tex/latex/natbib/natbib.sty)
(/usr/share/texmf-dist/tex/latex/natbib/bibentry.sty)
(/usr/share/texmf-dist/tex/latex/beamer/beamerthemeMadrid.sty
(/usr/share/texmf-dist/tex/latex/beamer/beamercolorthemewhale.sty)
(/usr/share/texmf-dist/tex/latex/beamer/beamercolorthemeorchid.sty)
(/usr/share/texmf-dist/tex/latex/beamer/beamerinnerthemerounded.sty)
(/usr/share/texmf-dist/tex/latex/beamer/beamerouterthemeinfolines.sty))
(/usr/share/texmf-dist/tex/latex/beamer/beamercolorthemecrane.sty)
(/usr/share/texmf-dist/tex/latex/beamer/beamerfontthemeserif.sty)
(/usr/share/texmf-dist/tex/latex/l3backend/l3backend-pdftex.def)
(./Dynamics.aux (/usr/share/texmf-dist/tex/latex/cyrillic/t2acmr.fd))
*geometry* driver: auto-detecting
*geometry* detected driver: pdftex
(/usr/share/texmf-dist/tex/context/base/mkii/supp-pdf.mkii
[Loading MPS to PDF converter (version 2006.09.02).]
) (/usr/share/texmf-dist/tex/latex/epstopdf-pkg/epstopdf-base.sty
(/usr/share/texmf-dist/tex/latex/latexconfig/epstopdf-sys.cfg)) (./Dynamics.out
) (./Dynamics.out)
(/usr/share/texmf-dist/tex/latex/translator/translator-basic-dictionary-English
.dict)
(/usr/share/texmf-dist/tex/latex/translator/translator-bibliography-dictionary-
English.dict)
(/usr/share/texmf-dist/tex/latex/translator/translator-environment-dictionary-E
nglish.dict)
(/usr/share/texmf-dist/tex/latex/translator/translator-months-dictionary-Englis
h.dict)
(/usr/share/texmf-dist/tex/latex/translator/translator-numbers-dictionary-Engli
sh.dict)
(/usr/share/texmf-dist/tex/latex/translator/translator-theorem-dictionary-Engli
sh.dict) (./Dynamics.nav)

Package hyperref Warning: Option `pdfauthor' has already been used,
(hyperref)                setting the option has no effect on input line 33.


Overfull \hbox (253.67805pt too wide) in paragraph at lines 36--36
 [][]  \T2A/cmr/m/n/6 ([])  

Overfull \hbox (22.84868pt too wide) in paragraph at lines 36--36
 [][][][]  

Overfull \hbox (253.67805pt too wide) has occurred while \output is active
 [][]  \T2A/cmr/m/n/6 ([])  

Overfull \hbox (22.84868pt too wide) has occurred while \output is active
 [][][][]  
[1{/var/lib/texmf/fonts/map/pdftex/updmap/pdftex.map}{/usr/share/texmf-dist/fon
ts/enc/dvips/cm-super/cm-super-t2a.enc}]
Overfull \hbox (253.67805pt too wide) in paragraph at lines 40--40
 [][]  \T2A/cmr/m/n/6 ([])  

Overfull \hbox (22.84868pt too wide) in paragraph at lines 40--40
 [][][][]  
(./Dynamics.toc)
Overfull \hbox (253.67805pt too wide) has occurred while \output is active
 [][]  \T2A/cmr/m/n/6 ([])  

Overfull \hbox (22.84868pt too wide) has occurred while \output is active
 [][][][]  
[2]
Overfull \hbox (253.67805pt too wide) in paragraph at lines 57--57
 [][]  \T2A/cmr/m/n/6 ([])  

Overfull \hbox (22.84868pt too wide) in paragraph at lines 57--57
 [][][][]  
(/usr/share/texmf-dist/tex/latex/amsfonts/umsa.fd)
(/usr/share/texmf-dist/tex/latex/amsfonts/umsb.fd)
Overfull \hbox (253.67805pt too wide) has occurred while \output is active
 [][]  \T2A/cmr/m/n/6 ([])  

Overfull \hbox (22.84868pt too wide) has occurred while \output is active
 [][][][]  
[3]
Overfull \hbox (253.67805pt too wide) in paragraph at lines 62--62
 [][]  \T2A/cmr/m/n/6 ([])  

Overfull \hbox (22.84868pt too wide) in paragraph at lines 62--62
 [][][][]  

Overfull \hbox (253.67805pt too wide) has occurred while \output is active
 [][]  \T2A/cmr/m/n/6 ([])  

Overfull \hbox (22.84868pt too wide) has occurred while \output is active
 [][][][]  
[4]
Overfull \hbox (253.67805pt too wide) in paragraph at lines 75--75
 [][]  \T2A/cmr/m/n/6 ([])  

Overfull \hbox (22.84868pt too wide) in paragraph at lines 75--75
 [][][][]  

Overfull \hbox (253.67805pt too wide) has occurred while \output is active
 [][]  \T2A/cmr/m/n/6 ([])  

Overfull \hbox (22.84868pt too wide) has occurred while \output is active
 [][][][]  
[5]
Overfull \hbox (253.67805pt too wide) in paragraph at lines 87--87
 [][]  \T2A/cmr/m/n/6 ([])  

Overfull \hbox (22.84868pt too wide) in paragraph at lines 87--87
 [][][][]  

Overfull \hbox (253.67805pt too wide) has occurred while \output is active
 [][]  \T2A/cmr/m/n/6 ([])  

Overfull \hbox (22.84868pt too wide) has occurred while \output is active
 [][][][]  
[6]
Overfull \hbox (253.67805pt too wide) in paragraph at lines 98--98
 [][]  \T2A/cmr/m/n/6 ([])  

Overfull \hbox (22.84868pt too wide) in paragraph at lines 98--98
 [][][][]  

Overfull \hbox (253.67805pt too wide) has occurred while \output is active
 [][]  \T2A/cmr/m/n/6 ([])  

Overfull \hbox (22.84868pt too wide) has occurred while \output is active
 [][][][]  
[7]
Overfull \hbox (253.67805pt too wide) in paragraph at lines 106--106
 [][]  \T2A/cmr/m/n/6 ([])  

Overfull \hbox (22.84868pt too wide) in paragraph at lines 106--106
 [][][][]  

Overfull \hbox (253.67805pt too wide) has occurred while \output is active
 [][]  \T2A/cmr/m/n/6 ([])  

Overfull \hbox (22.84868pt too wide) has occurred while \output is active
 [][][][]  
[8]
Overfull \hbox (253.67805pt too wide) in paragraph at lines 118--118
 [][]  \T2A/cmr/m/n/6 ([])  

Overfull \hbox (22.84868pt too wide) in paragraph at lines 118--118
 [][][][]  

Overfull \hbox (253.67805pt too wide) has occurred while \output is active
 [][]  \T2A/cmr/m/n/6 ([])  

Overfull \hbox (22.84868pt too wide) has occurred while \output is active
 [][][][]  
[9]
Overfull \hbox (253.67805pt too wide) in paragraph at lines 130--130
 [][]  \T2A/cmr/m/n/6 ([])  

Overfull \hbox (22.84868pt too wide) in paragraph at lines 130--130
 [][][][]  

Overfull \hbox (253.67805pt too wide) has occurred while \output is active
 [][]  \T2A/cmr/m/n/6 ([])  

Overfull \hbox (22.84868pt too wide) has occurred while \output is active
 [][][][]  
[10]
Overfull \hbox (253.67805pt too wide) in paragraph at lines 142--142
 [][]  \T2A/cmr/m/n/6 ([])  

Overfull \hbox (22.84868pt too wide) in paragraph at lines 142--142
 [][][][]  

Overfull \hbox (253.67805pt too wide) has occurred while \output is active
 [][]  \T2A/cmr/m/n/6 ([])  

Overfull \hbox (22.84868pt too wide) has occurred while \output is active
 [][][][]  
[11]
Overfull \hbox (253.67805pt too wide) in paragraph at lines 151--151
 [][]  \T2A/cmr/m/n/6 ([])  

Overfull \hbox (22.84868pt too wide) in paragraph at lines 151--151
 [][][][]  

Overfull \hbox (253.67805pt too wide) has occurred while \output is active
 [][]  \T2A/cmr/m/n/6 ([])  

Overfull \hbox (22.84868pt too wide) has occurred while \output is active
 [][][][]  
[12]
Overfull \hbox (253.67805pt too wide) in paragraph at lines 160--160
 [][]  \T2A/cmr/m/n/6 ([])  

Overfull \hbox (22.84868pt too wide) in paragraph at lines 160--160
 [][][][]  

Overfull \hbox (253.67805pt too wide) has occurred while \output is active
 [][]  \T2A/cmr/m/n/6 ([])  

Overfull \hbox (22.84868pt too wide) has occurred while \output is active
 [][][][]  
[13]
Overfull \hbox (253.67805pt too wide) in paragraph at lines 171--171
 [][]  \T2A/cmr/m/n/6 ([])  

Overfull \hbox (22.84868pt too wide) in paragraph at lines 171--171
 [][][][]  

Overfull \hbox (253.67805pt too wide) has occurred while \output is active
 [][]  \T2A/cmr/m/n/6 ([])  

Overfull \hbox (22.84868pt too wide) has occurred while \output is active
 [][][][]  
[14]
Overfull \hbox (253.67805pt too wide) in paragraph at lines 180--180
 [][]  \T2A/cmr/m/n/6 ([])  

Overfull \hbox (22.84868pt too wide) in paragraph at lines 180--180
 [][][][]  

Overfull \hbox (253.67805pt too wide) has occurred while \output is active
 [][]  \T2A/cmr/m/n/6 ([])  

Overfull \hbox (22.84868pt too wide) has occurred while \output is active
 [][][][]  
[15]
Overfull \hbox (253.67805pt too wide) in paragraph at lines 190--190
 [][]  \T2A/cmr/m/n/6 ([])  

Overfull \hbox (22.84868pt too wide) in paragraph at lines 190--190
 [][][][]  

Overfull \hbox (253.67805pt too wide) has occurred while \output is active
 [][]  \T2A/cmr/m/n/6 ([])  

Overfull \hbox (22.84868pt too wide) has occurred while \output is active
 [][][][]  
[16]
Overfull \hbox (253.67805pt too wide) in paragraph at lines 196--196
 [][]  \T2A/cmr/m/n/6 ([])  

Overfull \hbox (22.84868pt too wide) in paragraph at lines 196--196
 [][][][]  
(./Dynamics.bbl

Package hyperref Warning: Glyph not defined in PU encoding,
(hyperref)                removing `\CYRS' on input line 1.


Package hyperref Warning: Glyph not defined in PU encoding,
(hyperref)                removing `\cyrp' on input line 1.


Package hyperref Warning: Glyph not defined in PU encoding,
(hyperref)                removing `\cyri' on input line 1.


Package hyperref Warning: Glyph not defined in PU encoding,
(hyperref)                removing `\cyrs' on input line 1.


Package hyperref Warning: Glyph not defined in PU encoding,
(hyperref)                removing `\cyro' on input line 1.


Package hyperref Warning: Glyph not defined in PU encoding,
(hyperref)                removing `\cyrk' on input line 1.


Package hyperref Warning: Glyph not defined in PU encoding,
(hyperref)                removing `\cyrl' on input line 1.


Package hyperref Warning: Glyph not defined in PU encoding,
(hyperref)                removing `\cyri' on input line 1.


Package hyperref Warning: Glyph not defined in PU encoding,
(hyperref)                removing `\cyrt' on input line 1.


Package hyperref Warning: Glyph not defined in PU encoding,
(hyperref)                removing `\cyre' on input line 1.


Package hyperref Warning: Glyph not defined in PU encoding,
(hyperref)                removing `\cyrr' on input line 1.


Package hyperref Warning: Glyph not defined in PU encoding,
(hyperref)                removing `\cyra' on input line 1.


Package hyperref Warning: Glyph not defined in PU encoding,
(hyperref)                removing `\cyrt' on input line 1.


Package hyperref Warning: Glyph not defined in PU encoding,
(hyperref)                removing `\cyru' on input line 1.


Package hyperref Warning: Glyph not defined in PU encoding,
(hyperref)                removing `\cyrr' on input line 1.


Package hyperref Warning: Glyph not defined in PU encoding,
(hyperref)                removing `\cyrery' on input line 1.

)
Overfull \hbox (253.67805pt too wide) has occurred while \output is active
 [][]  \T2A/cmr/m/n/6 ([])  

Overfull \hbox (22.84868pt too wide) has occurred while \output is active
 [][][][]  
[17] (./Dynamics.aux) )
(see the transcript file for additional information)</usr/share/texmf-dist/font
s/type1/public/amsfonts/cm/cmex10.pfb></usr/share/texmf-dist/fonts/type1/public
/amsfonts/cm/cmmi10.pfb></usr/share/texmf-dist/fonts/type1/public/amsfonts/cm/c
mmi6.pfb></usr/share/texmf-dist/fonts/type1/public/amsfonts/cm/cmmi8.pfb></usr/
share/texmf-dist/fonts/type1/public/amsfonts/cm/cmr10.pfb></usr/share/texmf-dis
t/fonts/type1/public/amsfonts/cm/cmr6.pfb></usr/share/texmf-dist/fonts/type1/pu
blic/amsfonts/cm/cmr8.pfb></usr/share/texmf-dist/fonts/type1/public/amsfonts/cm
/cmsy10.pfb></usr/share/texmf-dist/fonts/type1/public/amsfonts/cm/cmsy8.pfb></u
sr/share/texmf-dist/fonts/type1/public/amsfonts/symbols/msbm10.pfb></usr/share/
texmf-dist/fonts/type1/public/cm-super/sfrm0600.pfb></usr/share/texmf-dist/font
s/type1/public/cm-super/sfrm0800.pfb></usr/share/texmf-dist/fonts/type1/public/
cm-super/sfrm0900.pfb></usr/share/texmf-dist/fonts/type1/public/cm-super/sfrm10
95.pfb></usr/share/texmf-dist/fonts/type1/public/cm-super/sfrm1440.pfb></usr/sh
are/texmf-dist/fonts/type1/public/cm-super/sfti1095.pfb>
Output written on Dynamics.pdf (17 pages, 273046 bytes).
Transcript written on Dynamics.log.
